SF:lib/image_cache_ext.dart
DA:95,1
DA:96,3
DA:97,3
DA:98,3
DA:104,1
DA:105,1
DA:106,2
DA:108,1
DA:109,1
DA:111,2
DA:112,3
DA:113,2
DA:114,2
DA:115,2
DA:116,1
DA:117,1
DA:121,2
DA:122,1
DA:130,2
DA:138,0
DA:139,0
DA:140,0
DA:141,0
DA:145,0
DA:147,0
DA:150,0
DA:151,0
DA:152,0
DA:154,0
DA:157,0
DA:162,0
DA:169,2
DA:177,0
DA:178,0
DA:179,0
DA:180,0
DA:184,0
DA:186,0
DA:189,0
DA:190,0
DA:191,0
DA:193,0
DA:196,0
DA:201,0
DA:217,0
DA:219,0
DA:221,0
DA:222,0
DA:223,0
DA:224,0
DA:225,0
DA:229,0
DA:230,0
DA:232,0
DA:233,0
DA:234,0
DA:274,1
DA:275,0
DA:282,2
DA:283,1
DA:285,2
DA:288,2
DA:292,1
DA:295,0
DA:298,0
DA:300,0
DA:303,0
DA:304,0
DA:308,0
DA:320,0
DA:321,0
DA:322,0
DA:323,0
DA:324,0
DA:325,0
DA:327,0
DA:331,1
DA:333,3
DA:339,1
DA:341,0
DA:342,0
DA:345,1
DA:358,1
DA:359,0
DA:360,0
DA:364,2
DA:366,1
DA:367,1
DA:371,2
DA:375,0
DA:383,2
DA:386,0
DA:390,0
DA:392,0
DA:393,0
DA:395,0
DA:396,0
DA:399,2
DA:401,0
DA:403,0
DA:404,0
DA:405,0
DA:410,0
DA:412,0
DA:417,1
DA:420,0
DA:422,0
DA:423,0
DA:435,2
DA:447,0
DA:450,0
DA:451,0
DA:453,0
DA:455,0
DA:457,0
DA:462,0
DA:466,0
DA:468,0
DA:471,0
DA:473,0
DA:476,0
DA:480,0
DA:481,0
DA:482,0
DA:488,1
DA:489,4
DA:490,3
DA:492,0
DA:495,1
DA:510,0
DA:511,0
DA:517,0
DA:522,0
DA:535,0
DA:536,0
DA:537,0
DA:539,0
DA:544,0
DA:545,0
DA:548,0
DA:549,0
DA:550,0
DA:551,0
DA:553,0
DA:554,0
DA:555,0
DA:556,0
DA:557,0
DA:558,0
DA:560,0
DA:564,0
DA:565,0
DA:566,0
DA:568,0
DA:569,0
DA:570,0
DA:593,0
DA:597,0
DA:620,0
DA:625,0
DA:627,0
DA:629,0
DA:632,0
DA:633,0
DA:634,0
DA:635,0
DA:638,0
DA:639,0
DA:641,0
DA:642,0
DA:650,1
DA:653,0
DA:654,1
DA:660,1
DA:662,1
DA:665,2
DA:666,0
DA:667,0
DA:668,0
DA:674,0
DA:675,0
DA:679,1
DA:680,1
DA:681,1
DA:683,0
DA:685,2
DA:690,1
DA:692,3
DA:693,1
DA:696,0
DA:697,0
DA:701,1
DA:706,1
DA:707,3
LF:194
LH:58
end_of_record
SF:lib/image_info_ext.dart
DA:14,1
DA:21,1
DA:23,0
DA:24,0
DA:25,0
DA:26,0
DA:27,0
DA:28,0
DA:29,0
DA:30,0
DA:34,1
DA:37,0
DA:41,0
DA:44,2
DA:45,1
DA:49,1
DA:53,1
DA:54,1
DA:55,1
DA:56,1
DA:57,3
DA:61,1
DA:62,1
DA:65,1
DA:71,0
DA:72,0
DA:73,1
DA:74,1
DA:76,0
DA:77,0
DA:78,0
DA:79,0
DA:80,0
LF:33
LH:16
end_of_record
SF:lib/image_provider_ext.dart
DA:4,1
LF:1
LH:1
end_of_record
SF:lib/remove_aware_map.dart
DA:9,2
DA:11,4
DA:14,2
DA:16,4
DA:19,0
DA:21,0
DA:24,0
DA:26,0
DA:29,0
DA:31,0
DA:34,0
DA:36,0
DA:37,0
DA:38,0
DA:39,0
DA:43,1
DA:45,2
DA:48,0
DA:50,0
DA:53,0
DA:54,0
DA:56,0
DA:58,0
DA:61,1
DA:62,2
DA:64,0
DA:65,0
DA:67,0
DA:68,0
DA:70,0
DA:71,0
DA:73,0
DA:75,0
DA:78,1
DA:80,2
DA:83,2
DA:85,4
DA:86,4
DA:87,2
DA:88,2
DA:93,0
DA:95,0
DA:97,0
DA:98,0
DA:104,0
DA:106,0
DA:109,0
DA:111,0
DA:114,0
DA:115,0
LF:50
LH:15
end_of_record
